2025-11-13 20:20:49,716 INFO o.a.j.u.JMeterUtils: Setting Locale to en_EN
2025-11-13 20:20:49,788 INFO o.a.j.JMeter: Loading user properties from: user.properties
2025-11-13 20:20:49,790 INFO o.a.j.JMeter: Loading system properties from: system.properties
2025-11-13 20:20:49,815 INFO o.a.j.JMeter: Copyright (c) 1998-2024 The Apache Software Foundation
2025-11-13 20:20:49,815 INFO o.a.j.JMeter: Version 5.6.3
2025-11-13 20:20:49,815 INFO o.a.j.JMeter: java.version=21.0.8
2025-11-13 20:20:49,815 INFO o.a.j.JMeter: java.vm.name=Java HotSpot(TM) 64-Bit Server VM
2025-11-13 20:20:49,815 INFO o.a.j.JMeter: os.name=Windows 11
2025-11-13 20:20:49,815 INFO o.a.j.JMeter: os.arch=amd64
2025-11-13 20:20:49,815 INFO o.a.j.JMeter: os.version=10.0
2025-11-13 20:20:49,815 INFO o.a.j.JMeter: file.encoding=UTF-8
2025-11-13 20:20:49,815 INFO o.a.j.JMeter: java.awt.headless=null
2025-11-13 20:20:49,815 INFO o.a.j.JMeter: Max memory     =1073741824
2025-11-13 20:20:49,818 INFO o.a.j.JMeter: Available Processors =8
2025-11-13 20:20:49,842 INFO o.a.j.JMeter: Default Locale=English (EN)
2025-11-13 20:20:49,851 INFO o.a.j.JMeter: JMeter  Locale=English (EN)
2025-11-13 20:20:49,851 INFO o.a.j.JMeter: JMeterHome=C:\Users\DELL\Downloads\SpringBootWork\apache-jmeter-5.6.3
2025-11-13 20:20:49,851 INFO o.a.j.JMeter: user.dir  =C:\Users\DELL\Downloads\SpringBootWork\apache-jmeter-5.6.3\bin
2025-11-13 20:20:49,851 INFO o.a.j.JMeter: PWD       =C:\Users\DELL\Downloads\SpringBootWork\apache-jmeter-5.6.3\bin
2025-11-13 20:20:49,856 INFO o.a.j.JMeter: IP: 127.0.0.1 Name: DESKTOP-CDFEHID FullName: kubernetes.docker.internal
2025-11-13 20:20:49,893 INFO o.a.j.JMeter: Loaded icon properties from org/apache/jmeter/images/icon.properties
2025-11-13 20:20:50,635 INFO o.a.j.JMeterGuiLauncher: Setting LAF to: com.github.weisj.darklaf.DarkLaf:com.github.weisj.darklaf.theme.DarculaTheme
